<?xml version="1.0" encoding="UTF-8"?>
<testsuite xmlns:xsi="http://www.w3.org/2001/XMLSchema-instance" xsi:noNamespaceSchemaLocation="https://maven.apache.org/surefire/maven-surefire-plugin/xsd/surefire-test-report-3.0.xsd" version="3.0" name="stepDefinitions.TestRunnerSd" time="24.686" tests="4" errors="0" skipped="0" failures="0">
  <properties>
    <property name="sun.desktop" value="windows"/>
    <property name="awt.toolkit" value="sun.awt.windows.WToolkit"/>
    <property name="file.encoding.pkg" value="sun.io"/>
    <property name="java.specification.version" value="1.8"/>
    <property name="sun.cpu.isalist" value="amd64"/>
    <property name="sun.jnu.encoding" value="Cp1252"/>
    <property name="java.class.path" value="C:\Users\Sweta\eclipse-workspace\Phase2Project\target\test-classes;C:\Users\Sweta\eclipse-workspace\Phase2Project\target\classes;C:\Users\Sweta\.m2\repository\io\cucumber\cucumber-java\5.6.0\cucumber-java-5.6.0.jar;C:\Users\Sweta\.m2\repository\io\cucumber\cucumber-core\5.6.0\cucumber-core-5.6.0.jar;C:\Users\Sweta\.m2\repository\io\cucumber\cucumber-gherkin\5.6.0\cucumber-gherkin-5.6.0.jar;C:\Users\Sweta\.m2\repository\io\cucumber\cucumber-gherkin-vintage\5.6.0\cucumber-gherkin-vintage-5.6.0.jar;C:\Users\Sweta\.m2\repository\io\cucumber\tag-expressions\2.0.4\tag-expressions-2.0.4.jar;C:\Users\Sweta\.m2\repository\io\cucumber\cucumber-expressions\8.3.1\cucumber-expressions-8.3.1.jar;C:\Users\Sweta\.m2\repository\io\cucumber\datatable\3.3.1\datatable-3.3.1.jar;C:\Users\Sweta\.m2\repository\io\cucumber\cucumber-plugin\5.6.0\cucumber-plugin-5.6.0.jar;C:\Users\Sweta\.m2\repository\io\cucumber\docstring\5.6.0\docstring-5.6.0.jar;C:\Users\Sweta\.m2\repository\org\apiguardian\apiguardian-api\1.1.0\apiguardian-api-1.1.0.jar;C:\Users\Sweta\.m2\repository\io\cucumber\cucumber-junit\5.6.0\cucumber-junit-5.6.0.jar;C:\Users\Sweta\.m2\repository\junit\junit\4.13\junit-4.13.jar;C:\Users\Sweta\.m2\repository\org\hamcrest\hamcrest-core\1.3\hamcrest-core-1.3.jar;C:\Users\Sweta\.m2\repository\org\seleniumhq\selenium\selenium-java\3.141.59\selenium-java-3.141.59.jar;C:\Users\Sweta\.m2\repository\org\seleniumhq\selenium\selenium-api\3.141.59\selenium-api-3.141.59.jar;C:\Users\Sweta\.m2\repository\org\seleniumhq\selenium\selenium-chrome-driver\3.141.59\selenium-chrome-driver-3.141.59.jar;C:\Users\Sweta\.m2\repository\org\seleniumhq\selenium\selenium-edge-driver\3.141.59\selenium-edge-driver-3.141.59.jar;C:\Users\Sweta\.m2\repository\org\seleniumhq\selenium\selenium-firefox-driver\3.141.59\selenium-firefox-driver-3.141.59.jar;C:\Users\Sweta\.m2\repository\org\seleniumhq\selenium\selenium-ie-driver\3.141.59\selenium-ie-driver-3.141.59.jar;C:\Users\Sweta\.m2\repository\org\seleniumhq\selenium\selenium-opera-driver\3.141.59\selenium-opera-driver-3.141.59.jar;C:\Users\Sweta\.m2\repository\org\seleniumhq\selenium\selenium-remote-driver\3.141.59\selenium-remote-driver-3.141.59.jar;C:\Users\Sweta\.m2\repository\org\seleniumhq\selenium\selenium-safari-driver\3.141.59\selenium-safari-driver-3.141.59.jar;C:\Users\Sweta\.m2\repository\org\seleniumhq\selenium\selenium-support\3.141.59\selenium-support-3.141.59.jar;C:\Users\Sweta\.m2\repository\net\bytebuddy\byte-buddy\1.8.15\byte-buddy-1.8.15.jar;C:\Users\Sweta\.m2\repository\org\apache\commons\commons-exec\1.3\commons-exec-1.3.jar;C:\Users\Sweta\.m2\repository\com\google\guava\guava\25.0-jre\guava-25.0-jre.jar;C:\Users\Sweta\.m2\repository\com\google\code\findbugs\jsr305\1.3.9\jsr305-1.3.9.jar;C:\Users\Sweta\.m2\repository\org\checkerframework\checker-compat-qual\2.0.0\checker-compat-qual-2.0.0.jar;C:\Users\Sweta\.m2\repository\com\google\errorprone\error_prone_annotations\2.1.3\error_prone_annotations-2.1.3.jar;C:\Users\Sweta\.m2\repository\com\google\j2objc\j2objc-annotations\1.1\j2objc-annotations-1.1.jar;C:\Users\Sweta\.m2\repository\org\codehaus\mojo\animal-sniffer-annotations\1.14\animal-sniffer-annotations-1.14.jar;C:\Users\Sweta\.m2\repository\com\squareup\okhttp3\okhttp\3.11.0\okhttp-3.11.0.jar;C:\Users\Sweta\.m2\repository\com\squareup\okio\okio\1.14.0\okio-1.14.0.jar;C:\Users\Sweta\.m2\repository\io\github\bonigarcia\webdrivermanager\3.8.1\webdrivermanager-3.8.1.jar;C:\Users\Sweta\.m2\repository\org\slf4j\slf4j-api\1.7.25\slf4j-api-1.7.25.jar;C:\Users\Sweta\.m2\repository\commons-io\commons-io\2.6\commons-io-2.6.jar;C:\Users\Sweta\.m2\repository\com\google\code\gson\gson\2.8.5\gson-2.8.5.jar;C:\Users\Sweta\.m2\repository\org\apache\commons\commons-lang3\3.8.1\commons-lang3-3.8.1.jar;C:\Users\Sweta\.m2\repository\org\apache\httpcomponents\httpclient\4.5.6\httpclient-4.5.6.jar;C:\Users\Sweta\.m2\repository\org\apache\httpcomponents\httpcore\4.4.10\httpcore-4.4.10.jar;C:\Users\Sweta\.m2\repository\commons-logging\commons-logging\1.2\commons-logging-1.2.jar;C:\Users\Sweta\.m2\repository\commons-codec\commons-codec\1.10\commons-codec-1.10.jar;C:\Users\Sweta\.m2\repository\org\rauschig\jarchivelib\1.0.0\jarchivelib-1.0.0.jar;C:\Users\Sweta\.m2\repository\org\apache\commons\commons-compress\1.18\commons-compress-1.18.jar;C:\Users\Sweta\.m2\repository\org\jsoup\jsoup\1.11.3\jsoup-1.11.3.jar;"/>
    <property name="java.vm.vendor" value="Oracle Corporation"/>
    <property name="sun.arch.data.model" value="64"/>
    <property name="user.variant" value=""/>
    <property name="java.vendor.url" value="http://java.oracle.com/"/>
    <property name="user.timezone" value="Asia/Calcutta"/>
    <property name="java.vm.specification.version" value="1.8"/>
    <property name="os.name" value="Windows 10"/>
    <property name="user.country" value="IN"/>
    <property name="sun.java.launcher" value="SUN_STANDARD"/>
    <property name="sun.boot.library.path" value="C:\Program Files\Java\jdk1.8.0_202\jre\bin"/>
    <property name="sun.java.command" value="C:\Users\Sweta\AppData\Local\Temp\surefire3751255235573967833\surefirebooter-20230927194007879_3.jar C:\Users\Sweta\AppData\Local\Temp\surefire3751255235573967833 2023-09-27T19-40-07_644-jvmRun1 surefire-20230927194007879_1tmp surefire_0-20230927194007879_2tmp"/>
    <property name="surefire.test.class.path" value="C:\Users\Sweta\eclipse-workspace\Phase2Project\target\test-classes;C:\Users\Sweta\eclipse-workspace\Phase2Project\target\classes;C:\Users\Sweta\.m2\repository\io\cucumber\cucumber-java\5.6.0\cucumber-java-5.6.0.jar;C:\Users\Sweta\.m2\repository\io\cucumber\cucumber-core\5.6.0\cucumber-core-5.6.0.jar;C:\Users\Sweta\.m2\repository\io\cucumber\cucumber-gherkin\5.6.0\cucumber-gherkin-5.6.0.jar;C:\Users\Sweta\.m2\repository\io\cucumber\cucumber-gherkin-vintage\5.6.0\cucumber-gherkin-vintage-5.6.0.jar;C:\Users\Sweta\.m2\repository\io\cucumber\tag-expressions\2.0.4\tag-expressions-2.0.4.jar;C:\Users\Sweta\.m2\repository\io\cucumber\cucumber-expressions\8.3.1\cucumber-expressions-8.3.1.jar;C:\Users\Sweta\.m2\repository\io\cucumber\datatable\3.3.1\datatable-3.3.1.jar;C:\Users\Sweta\.m2\repository\io\cucumber\cucumber-plugin\5.6.0\cucumber-plugin-5.6.0.jar;C:\Users\Sweta\.m2\repository\io\cucumber\docstring\5.6.0\docstring-5.6.0.jar;C:\Users\Sweta\.m2\repository\org\apiguardian\apiguardian-api\1.1.0\apiguardian-api-1.1.0.jar;C:\Users\Sweta\.m2\repository\io\cucumber\cucumber-junit\5.6.0\cucumber-junit-5.6.0.jar;C:\Users\Sweta\.m2\repository\junit\junit\4.13\junit-4.13.jar;C:\Users\Sweta\.m2\repository\org\hamcrest\hamcrest-core\1.3\hamcrest-core-1.3.jar;C:\Users\Sweta\.m2\repository\org\seleniumhq\selenium\selenium-java\3.141.59\selenium-java-3.141.59.jar;C:\Users\Sweta\.m2\repository\org\seleniumhq\selenium\selenium-api\3.141.59\selenium-api-3.141.59.jar;C:\Users\Sweta\.m2\repository\org\seleniumhq\selenium\selenium-chrome-driver\3.141.59\selenium-chrome-driver-3.141.59.jar;C:\Users\Sweta\.m2\repository\org\seleniumhq\selenium\selenium-edge-driver\3.141.59\selenium-edge-driver-3.141.59.jar;C:\Users\Sweta\.m2\repository\org\seleniumhq\selenium\selenium-firefox-driver\3.141.59\selenium-firefox-driver-3.141.59.jar;C:\Users\Sweta\.m2\repository\org\seleniumhq\selenium\selenium-ie-driver\3.141.59\selenium-ie-driver-3.141.59.jar;C:\Users\Sweta\.m2\repository\org\seleniumhq\selenium\selenium-opera-driver\3.141.59\selenium-opera-driver-3.141.59.jar;C:\Users\Sweta\.m2\repository\org\seleniumhq\selenium\selenium-remote-driver\3.141.59\selenium-remote-driver-3.141.59.jar;C:\Users\Sweta\.m2\repository\org\seleniumhq\selenium\selenium-safari-driver\3.141.59\selenium-safari-driver-3.141.59.jar;C:\Users\Sweta\.m2\repository\org\seleniumhq\selenium\selenium-support\3.141.59\selenium-support-3.141.59.jar;C:\Users\Sweta\.m2\repository\net\bytebuddy\byte-buddy\1.8.15\byte-buddy-1.8.15.jar;C:\Users\Sweta\.m2\repository\org\apache\commons\commons-exec\1.3\commons-exec-1.3.jar;C:\Users\Sweta\.m2\repository\com\google\guava\guava\25.0-jre\guava-25.0-jre.jar;C:\Users\Sweta\.m2\repository\com\google\code\findbugs\jsr305\1.3.9\jsr305-1.3.9.jar;C:\Users\Sweta\.m2\repository\org\checkerframework\checker-compat-qual\2.0.0\checker-compat-qual-2.0.0.jar;C:\Users\Sweta\.m2\repository\com\google\errorprone\error_prone_annotations\2.1.3\error_prone_annotations-2.1.3.jar;C:\Users\Sweta\.m2\repository\com\google\j2objc\j2objc-annotations\1.1\j2objc-annotations-1.1.jar;C:\Users\Sweta\.m2\repository\org\codehaus\mojo\animal-sniffer-annotations\1.14\animal-sniffer-annotations-1.14.jar;C:\Users\Sweta\.m2\repository\com\squareup\okhttp3\okhttp\3.11.0\okhttp-3.11.0.jar;C:\Users\Sweta\.m2\repository\com\squareup\okio\okio\1.14.0\okio-1.14.0.jar;C:\Users\Sweta\.m2\repository\io\github\bonigarcia\webdrivermanager\3.8.1\webdrivermanager-3.8.1.jar;C:\Users\Sweta\.m2\repository\org\slf4j\slf4j-api\1.7.25\slf4j-api-1.7.25.jar;C:\Users\Sweta\.m2\repository\commons-io\commons-io\2.6\commons-io-2.6.jar;C:\Users\Sweta\.m2\repository\com\google\code\gson\gson\2.8.5\gson-2.8.5.jar;C:\Users\Sweta\.m2\repository\org\apache\commons\commons-lang3\3.8.1\commons-lang3-3.8.1.jar;C:\Users\Sweta\.m2\repository\org\apache\httpcomponents\httpclient\4.5.6\httpclient-4.5.6.jar;C:\Users\Sweta\.m2\repository\org\apache\httpcomponents\httpcore\4.4.10\httpcore-4.4.10.jar;C:\Users\Sweta\.m2\repository\commons-logging\commons-logging\1.2\commons-logging-1.2.jar;C:\Users\Sweta\.m2\repository\commons-codec\commons-codec\1.10\commons-codec-1.10.jar;C:\Users\Sweta\.m2\repository\org\rauschig\jarchivelib\1.0.0\jarchivelib-1.0.0.jar;C:\Users\Sweta\.m2\repository\org\apache\commons\commons-compress\1.18\commons-compress-1.18.jar;C:\Users\Sweta\.m2\repository\org\jsoup\jsoup\1.11.3\jsoup-1.11.3.jar;"/>
    <property name="sun.cpu.endian" value="little"/>
    <property name="user.home" value="C:\Users\Sweta"/>
    <property name="user.language" value="en"/>
    <property name="java.specification.vendor" value="Oracle Corporation"/>
    <property name="java.home" value="C:\Program Files\Java\jdk1.8.0_202\jre"/>
    <property name="basedir" value="C:\Users\Sweta\eclipse-workspace\Phase2Project"/>
    <property name="file.separator" value="\"/>
    <property name="line.separator" value="&#10;"/>
    <property name="java.vm.specification.vendor" value="Oracle Corporation"/>
    <property name="java.specification.name" value="Java Platform API Specification"/>
    <property name="java.awt.graphicsenv" value="sun.awt.Win32GraphicsEnvironment"/>
    <property name="surefire.real.class.path" value="C:\Users\Sweta\AppData\Local\Temp\surefire3751255235573967833\surefirebooter-20230927194007879_3.jar"/>
    <property name="sun.boot.class.path" value="C:\Program Files\Java\jdk1.8.0_202\jre\lib\resources.jar;C:\Program Files\Java\jdk1.8.0_202\jre\lib\rt.jar;C:\Program Files\Java\jdk1.8.0_202\jre\lib\sunrsasign.jar;C:\Program Files\Java\jdk1.8.0_202\jre\lib\jsse.jar;C:\Program Files\Java\jdk1.8.0_202\jre\lib\jce.jar;C:\Program Files\Java\jdk1.8.0_202\jre\lib\charsets.jar;C:\Program Files\Java\jdk1.8.0_202\jre\lib\jfr.jar;C:\Program Files\Java\jdk1.8.0_202\jre\classes"/>
    <property name="user.script" value=""/>
    <property name="sun.management.compiler" value="HotSpot 64-Bit Tiered Compilers"/>
    <property name="java.runtime.version" value="1.8.0_202-b08"/>
    <property name="user.name" value="Sweta"/>
    <property name="path.separator" value=";"/>
    <property name="os.version" value="10.0"/>
    <property name="java.endorsed.dirs" value="C:\Program Files\Java\jdk1.8.0_202\jre\lib\endorsed"/>
    <property name="java.runtime.name" value="Java(TM) SE Runtime Environment"/>
    <property name="file.encoding" value="Cp1252"/>
    <property name="java.vm.name" value="Java HotSpot(TM) 64-Bit Server VM"/>
    <property name="localRepository" value="C:\Users\Sweta\.m2\repository"/>
    <property name="java.vendor.url.bug" value="http://bugreport.sun.com/bugreport/"/>
    <property name="java.io.tmpdir" value="C:\Users\Sweta\AppData\Local\Temp\"/>
    <property name="java.version" value="1.8.0_202"/>
    <property name="user.dir" value="C:\Users\Sweta\eclipse-workspace\Phase2Project"/>
    <property name="os.arch" value="amd64"/>
    <property name="java.vm.specification.name" value="Java Virtual Machine Specification"/>
    <property name="java.awt.printerjob" value="sun.awt.windows.WPrinterJob"/>
    <property name="sun.os.patch.level" value=""/>
    <property name="java.library.path" value="C:\Program Files\Java\jdk1.8.0_202\jre\bin;C:\windows\Sun\Java\bin;C:\windows\system32;C:\windows;C:\Users\Sweta\Downloads\apache-maven-3.9.4-bin\apache-maven-3.9.4/bin;C:\windows\system32;C:\windows;C:\windows\System32\Wbem;C:\windows\System32\WindowsPowerShell\v1.0\;C:\windows\System32\OpenSSH\;C:\Program Files\Git\cmd;C:\Program Files\Git\mingw64\bin;C:\Program Files\Git\usr\bin;C:\mysql-8.1.0-winx64\bin;C:\Users\Sweta\Downloads\apache-maven-3.9.4-bin\apache-maven-3.9.4\bin;C:\Users\Sweta\FireFox;C:\Program Files\Java\jdk1.8.0_202\bin;C:\Users\Sweta\AppData\Local\Microsoft\WindowsApps;;."/>
    <property name="java.vm.info" value="mixed mode"/>
    <property name="java.vendor" value="Oracle Corporation"/>
    <property name="java.vm.version" value="25.202-b08"/>
    <property name="java.ext.dirs" value="C:\Program Files\Java\jdk1.8.0_202\jre\lib\ext;C:\windows\Sun\Java\lib\ext"/>
    <property name="sun.io.unicode.encoding" value="UnicodeLittle"/>
    <property name="java.class.version" value="52.0"/>
  </properties>
  <testcase name="Login success scenario using parameters" classname="This feature is to test the SwagLabs application for both success and failure scenario using parameters and scenario outline" time="9.781">
    <system-out><![CDATA[
@Addtocart
Scenario: Login success scenario using parameters                           # src/test/java/featureSwaglab/AddToCart.feature:11
  Given I have launched the application                                     # stepDefinitions.LoginStepDefinition.i_have_launched_the_application()
  When I enter the username as "standard_user"                              # stepDefinitions.LoginStepDefinition.i_enter_the_username_as(java.lang.String)
  And I enter the password as "secret_sauce"                                # stepDefinitions.LoginStepDefinition.i_enter_the_password_as(java.lang.String)
  And I click the login button                                              # stepDefinitions.LoginStepDefinition.i_click_the_login_button()
  And I should land on home page "https://www.saucedemo.com/inventory.html" # stepDefinitions.LoginStepDefinition.i_should_land_on_home_page(java.lang.String)
  When I click the cart button of the product to add it to cart             # stepDefinitions.AddToCartSd.i_click_the_cart_button_of_the_product_to_add_it_to_cart()
  And I click on shopping cart                                              # stepDefinitions.AddToCartSd.i_click_on_shopping_cart()
  Then I verify the item on cart page with "Sauce Labs Backpack"            # stepDefinitions.AddToCartSd.i_verify_the_item_on_cart_page_with(java.lang.String)
]]></system-out>
    <system-err><![CDATA[Sep 27, 2023 7:40:10 PM io.cucumber.junit.Cucumber <init>
WARNING: By default Cucumber is running in --non-strict mode.
This default will change to --strict and --non-strict will be removed.
You can use --strict or @CucumberOptions(strict = true) to suppress this warning
SLF4J: Failed to load class "org.slf4j.impl.StaticLoggerBinder".
SLF4J: Defaulting to no-operation (NOP) logger implementation
SLF4J: See http://www.slf4j.org/codes.html#StaticLoggerBinder for further details.
1695823812602	geckodriver	INFO	Listening on 127.0.0.1:24280
1695823813235	mozrunner::runner	INFO	Running command: "C:\\Program Files\\Mozilla Firefox\\firefox.exe" "--marionette" "-no-remote" "-profile" "C:\\Users\\Sweta\\AppData\\Local\\Temp\\rust_mozprofileXCBrxE"
console.warn: services.settings: Ignoring preference override of remote settings server
console.warn: services.settings: Allow by setting MOZ_REMOTE_SETTINGS_DEVTOOLS=1 in the environment
1695823813508	Marionette	INFO	Marionette enabled
Dynamically enable window occlusion 0
1695823813982	Marionette	INFO	Listening on port 53275
Read port: 53275
1695823814026	RemoteAgent	WARN	TLS certificate errors will be ignored for this session
Sep 27, 2023 7:40:15 PM org.openqa.selenium.remote.ProtocolHandshake createSession
INFO: Detected dialect: W3C
console.warn: LoginRecipes: "Falling back to a synchronous message for: https://www.saucedemo.com."
console.warn: LoginRecipes: "Falling back to a synchronous message for: https://www.saucedemo.com."
1695823819322	Marionette	INFO	Stopped listening on port 53275
JavaScript warning: https://www.saucedemo.com/static/js/2.88f6e73d.chunk.js, line 2: Script terminated by timeout at:
Ke@https://www.saucedemo.com/static/js/2.88f6e73d.chunk.js:2:235392

Dynamically enable window occlusion 1
]]></system-err>
  </testcase>
  <testcase name="Login success scenario using parameters" classname="This feature is to test the SwagLabs application for both success and failure scenario using parameters and scenario outline" time="4.979">
    <system-out><![CDATA[
@Login
Scenario: Login success scenario using parameters                            # src/test/java/featureSwaglab/Loginswaglab.feature:7
  Given I have launched the application                                      # stepDefinitions.LoginStepDefinition.i_have_launched_the_application()
  When I enter the username as "standard_user"                               # stepDefinitions.LoginStepDefinition.i_enter_the_username_as(java.lang.String)
  And I enter the password as "secret_sauce"                                 # stepDefinitions.LoginStepDefinition.i_enter_the_password_as(java.lang.String)
  And I click the login button                                               # stepDefinitions.LoginStepDefinition.i_click_the_login_button()
  Then I should land on home page "https://www.saucedemo.com/inventory.html" # stepDefinitions.LoginStepDefinition.i_should_land_on_home_page(java.lang.String)
]]></system-out>
    <system-err><![CDATA[1695823820266	geckodriver	INFO	Listening on 127.0.0.1:21470
1695823820757	mozrunner::runner	INFO	Running command: "C:\\Program Files\\Mozilla Firefox\\firefox.exe" "--marionette" "-no-remote" "-profile" "C:\\Users\\Sweta\\AppData\\Local\\Temp\\rust_mozprofilevb9IEe"
console.warn: services.settings: Ignoring preference override of remote settings server
console.warn: services.settings: Allow by setting MOZ_REMOTE_SETTINGS_DEVTOOLS=1 in the environment
1695823821018	Marionette	INFO	Marionette enabled
Dynamically enable window occlusion 0
1695823821478	Marionette	INFO	Listening on port 53318
Read port: 53318
1695823821663	RemoteAgent	WARN	TLS certificate errors will be ignored for this session
Sep 27, 2023 7:40:23 PM org.openqa.selenium.remote.ProtocolHandshake createSession
INFO: Detected dialect: W3C
console.warn: LoginRecipes: "Falling back to a synchronous message for: https://www.saucedemo.com."
console.warn: LoginRecipes: "Falling back to a synchronous message for: https://www.saucedemo.com."
1695823824416	Marionette	INFO	Stopped listening on port 53318
JavaScript warning: https://www.saucedemo.com/static/js/2.88f6e73d.chunk.js, line 2: Script terminated by timeout at:
k@https://www.saucedemo.com/static/js/2.88f6e73d.chunk.js:2:29258
e.default/i/</v.current<@https://www.saucedemo.com/static/js/2.88f6e73d.chunk.js:2:30482

Dynamically enable window occlusion 1
]]></system-err>
  </testcase>
  <testcase name="Login Failure scenario using Scenario outline" classname="This feature is to test the SwagLabs application for both success and failure scenario using parameters and scenario outline" time="4.879">
    <system-out><![CDATA[
@Login
Scenario Outline: Login Failure scenario using Scenario outline                                                     # src/test/java/featureSwaglab/Loginswaglab.feature:21
  Given I have launched the application                                                                             # stepDefinitions.LoginStepDefinition.i_have_launched_the_application()
  When I enter the username as "standard_user"                                                                      # stepDefinitions.LoginStepDefinition.i_enter_the_username_as(java.lang.String)
  And I enter the password as "12345"                                                                               # stepDefinitions.LoginStepDefinition.i_enter_the_password_as(java.lang.String)
  And I click the login button                                                                                      # stepDefinitions.LoginStepDefinition.i_click_the_login_button()
  Then I should get an error message as "Epic sadface: Username and password do not match any user in this service" # stepDefinitions.LoginStepDefinition.i_should_get_an_error_message_as(java.lang.String)
]]></system-out>
    <system-err><![CDATA[1695823825249	geckodriver	INFO	Listening on 127.0.0.1:23805
1695823825743	mozrunner::runner	INFO	Running command: "C:\\Program Files\\Mozilla Firefox\\firefox.exe" "--marionette" "-no-remote" "-profile" "C:\\Users\\Sweta\\AppData\\Local\\Temp\\rust_mozprofilemakFtP"
console.warn: services.settings: Ignoring preference override of remote settings server
console.warn: services.settings: Allow by setting MOZ_REMOTE_SETTINGS_DEVTOOLS=1 in the environment
1695823826001	Marionette	INFO	Marionette enabled
Dynamically enable window occlusion 0
1695823826427	Marionette	INFO	Listening on port 53351
Read port: 53351
1695823826601	RemoteAgent	WARN	TLS certificate errors will be ignored for this session
Sep 27, 2023 7:40:27 PM org.openqa.selenium.remote.ProtocolHandshake createSession
INFO: Detected dialect: W3C
console.warn: LoginRecipes: "Falling back to a synchronous message for: https://www.saucedemo.com."
1695823829172	Marionette	INFO	Stopped listening on port 53351
Dynamically enable window occlusion 1
]]></system-err>
  </testcase>
  <testcase name="Login Failure scenario using Scenario outline" classname="This feature is to test the SwagLabs application for both success and failure scenario using parameters and scenario outline" time="4.714">
    <system-out><![CDATA[
@Login
Scenario Outline: Login Failure scenario using Scenario outline                               # src/test/java/featureSwaglab/Loginswaglab.feature:22
  Given I have launched the application                                                       # stepDefinitions.LoginStepDefinition.i_have_launched_the_application()
  When I enter the username as "locked_out_user"                                              # stepDefinitions.LoginStepDefinition.i_enter_the_username_as(java.lang.String)
  And I enter the password as "secret_sauce"                                                  # stepDefinitions.LoginStepDefinition.i_enter_the_password_as(java.lang.String)
  And I click the login button                                                                # stepDefinitions.LoginStepDefinition.i_click_the_login_button()
  Then I should get an error message as "Epic sadface: Sorry, this user has been locked out." # stepDefinitions.LoginStepDefinition.i_should_get_an_error_message_as(java.lang.String)
]]></system-out>
    <system-err><![CDATA[1695823830123	geckodriver	INFO	Listening on 127.0.0.1:24411
1695823830623	mozrunner::runner	INFO	Running command: "C:\\Program Files\\Mozilla Firefox\\firefox.exe" "--marionette" "-no-remote" "-profile" "C:\\Users\\Sweta\\AppData\\Local\\Temp\\rust_mozprofileKHS3y2"
console.warn: services.settings: Ignoring preference override of remote settings server
console.warn: services.settings: Allow by setting MOZ_REMOTE_SETTINGS_DEVTOOLS=1 in the environment
1695823830894	Marionette	INFO	Marionette enabled
Dynamically enable window occlusion 0
1695823831458	Marionette	INFO	Listening on port 53383
Read port: 53383
1695823831619	RemoteAgent	WARN	TLS certificate errors will be ignored for this session
Sep 27, 2023 7:40:32 PM org.openqa.selenium.remote.ProtocolHandshake createSession
INFO: Detected dialect: W3C
console.warn: LoginRecipes: "Falling back to a synchronous message for: https://www.saucedemo.com."
1695823833943	Marionette	INFO	Stopped listening on port 53383
Dynamically enable window occlusion 1
]]></system-err>
  </testcase>
</testsuite>